<?xml version="1.0" encoding="UTF-8"?>
<!-- Generated by org.testng.reporters.JUnitReportReporter -->
<testsuite hostname="Jasons-MacBook-Pro.local" failures="0" tests="1" name="automation.testsuite.BTVN_Day14_Alada" time="188.003" errors="0" timestamp="2025-02-28T11:15:36 ICT" skipped="0">
  <testcase classname="automation.testsuite.BTVN_Day14_Alada" name="FullFlow" time="188.003"/>
  <system-out/>
</testsuite> <!-- automation.testsuite.BTVN_Day14_Alada -->
