<?xml version="1.0" encoding="UTF-8"?>
<!-- Generated by org.testng.reporters.JUnitReportReporter -->
<testsuite hostname="Jasons-MacBook-Pro.local" failures="0" tests="1" name="automation.testsuite.Day17_iFrame" time="13.387" errors="0" timestamp="2025-03-09T21:31:08 ICT" skipped="0">
  <testcase classname="automation.testsuite.Day17_iFrame" name="findIndexIframe" time="13.387"/>
  <system-out/>
</testsuite> <!-- automation.testsuite.Day17_iFrame -->
