<?xml version="1.0" encoding="UTF-8"?>
<!-- Generated by org.testng.reporters.JUnitReportReporter -->
<testsuite hostname="Jasons-MacBook-Pro.local" failures="0" tests="1" name="automation.testsuite.Day17_PopupTest" time="30.541" errors="0" timestamp="2025-03-11T23:40:42 ICT" skipped="0">
  <testcase classname="automation.testsuite.Day17_PopupTest" name="testPopup" time="30.541"/>
  <system-out/>
</testsuite> <!-- automation.testsuite.Day17_PopupTest -->
