<?xml version="1.0" encoding="UTF-8"?>
<!-- Generated by org.testng.reporters.JUnitReportReporter -->
<testsuite hostname="Jasons-MacBook-Pro.local" failures="0" tests="4" name="automation.testsuite.Day14_LoginTest" time="231.824" errors="0" timestamp="2025-02-23T21:03:31 ICT" skipped="0">
  <testcase classname="automation.testsuite.Day14_LoginTest" name="LoginSuccessfully" time="51.887"/>
  <system-out/>
  <testcase classname="automation.testsuite.Day14_LoginTest" name="LoginFail_IncorrectPass" time="52.541"/>
  <system-out/>
  <testcase classname="automation.testsuite.Day14_LoginTest" name="loginFail_IncorrectEmail" time="52.112"/>
  <system-out/>
  <testcase classname="automation.testsuite.Day14_LoginTest" name="Logout" time="75.284"/>
  <system-out/>
</testsuite> <!-- automation.testsuite.Day14_LoginTest -->
