<?xml version="1.0" encoding="UTF-8"?>
<!-- Generated by org.testng.reporters.JUnitReportReporter -->
<testsuite hostname="Jasons-MacBook-Pro.local" failures="0" tests="1" name="automation.testsuite.TADA_UpdatePass_Test" time="27.529" errors="0" timestamp="2025-03-08T23:57:17 ICT" skipped="0">
  <testcase classname="automation.testsuite.TADA_UpdatePass_Test" name="search" time="27.529"/>
  <system-out/>
</testsuite> <!-- automation.testsuite.TADA_UpdatePass_Test -->
