<?xml version="1.0" encoding="UTF-8"?>
<!-- Generated by org.testng.reporters.JUnitReportReporter -->
<testsuite hostname="Jasons-MacBook-Pro.local" failures="0" tests="1" name="automation.testsuite.BTVN_Day12" time="33.530" errors="0" timestamp="2025-02-19T17:46:06 ICT" skipped="0">
  <testcase classname="automation.testsuite.BTVN_Day12" name="selectCountry" time="33.530"/>
  <system-out/>
</testsuite> <!-- automation.testsuite.BTVN_Day12 -->
