<?xml version="1.0" encoding="UTF-8"?>
<!-- Generated by org.testng.reporters.JUnitReportReporter -->
<testsuite hostname="Jasons-MacBook-Pro.local" failures="0" tests="1" name="automation.testsuite.BTVN_Day13" time="19.634" errors="0" timestamp="2025-02-23T14:11:54 ICT" skipped="0">
  <testcase classname="automation.testsuite.BTVN_Day13" name="logoutSuccessfully" time="19.634"/>
  <system-out/>
</testsuite> <!-- automation.testsuite.BTVN_Day13 -->
