<?xml version="1.0" encoding="UTF-8"?>
<!-- Generated by org.testng.reporters.JUnitReportReporter -->
<testsuite hostname="Jasons-MacBook-Pro.local" failures="0" tests="1" name="automation.testsuite.BTVN_Day16" time="21.894" errors="0" timestamp="2025-03-09T16:26:58 ICT" skipped="0">
  <testcase classname="automation.testsuite.BTVN_Day16" name="pressTryIt" time="21.894"/>
  <system-out/>
</testsuite> <!-- automation.testsuite.BTVN_Day16 -->
