<?xml version="1.0" encoding="UTF-8"?>
<!-- Generated by org.testng.reporters.JUnitReportReporter -->
<testsuite hostname="Jasons-MacBook-Pro.local" failures="0" tests="6" name="automation.testsuite.Day16_QuanLyKVLV_Test" time="86.870" errors="0" timestamp="2025-03-16T20:38:43 GMT+07:00" skipped="0">
  <testcase classname="automation.testsuite.Day16_QuanLyKVLV_Test" name="quanLyKhuVucLamViec" time="13.471"/>
  <system-out/>
  <testcase classname="automation.testsuite.Day16_QuanLyKVLV_Test" name="quanLyKhuVucLamViec" time="21.333"/>
  <system-out/>
  <testcase classname="automation.testsuite.Day16_QuanLyKVLV_Test" name="themKVLV_SaiDinhDang_MaKLV" time="11.802"/>
  <system-out/>
  <testcase classname="automation.testsuite.Day16_QuanLyKVLV_Test" name="themKVLV_SaiDinhDang_MaKLV" time="14.397"/>
  <system-out/>
  <testcase classname="automation.testsuite.Day16_QuanLyKVLV_Test" name="themKVLV_SaiDinhDang_TenKLV" time="11.405"/>
  <system-out/>
  <testcase classname="automation.testsuite.Day16_QuanLyKVLV_Test" name="themKVLV_SaiDinhDang_TenKLV" time="14.462"/>
  <system-out/>
</testsuite> <!-- automation.testsuite.Day16_QuanLyKVLV_Test -->
