<?xml version="1.0" encoding="UTF-8"?>
<!-- Generated by org.testng.reporters.JUnitReportReporter -->
<testsuite hostname="Jasons-MacBook-Pro.local" failures="0" tests="1" name="automation.testsuite.LoginTest" time="29.341" errors="0" timestamp="2025-02-09T17:28:24 ICT" skipped="0">
  <testcase classname="automation.testsuite.LoginTest" name="locateByClassName" time="29.341"/>
  <system-out/>
</testsuite> <!-- automation.testsuite.LoginTest -->
