<?xml version="1.0" encoding="UTF-8"?>
<!-- Generated by org.testng.reporters.JUnitReportReporter -->
<testsuite hostname="Jasons-MacBook-Pro.local" failures="0" tests="1" name="automation.testsuite.Rise_LoginTest" time="11.612" errors="0" timestamp="2025-02-23T20:58:31 ICT" skipped="0">
  <testcase classname="automation.testsuite.Rise_LoginTest" name="loginSuccessfully" time="11.612"/>
  <system-out/>
</testsuite> <!-- automation.testsuite.Rise_LoginTest -->
