<?xml version="1.0" encoding="UTF-8"?>
<!-- Generated by org.testng.reporters.JUnitReportReporter -->
<testsuite hostname="Jasons-MacBook-Pro.local" failures="0" tests="1" name="automation.testsuite.Day12" time="65.630" errors="0" timestamp="2025-02-16T20:51:32 ICT" skipped="0">
  <testcase classname="automation.testsuite.Day12" name="clickRadioButton" time="65.630"/>
  <system-out/>
</testsuite> <!-- automation.testsuite.Day12 -->
