<?xml version="1.0" encoding="UTF-8"?>
<!-- Generated by org.testng.reporters.JUnitReportReporter -->
<testsuite hostname="Jasons-MacBook-Pro.local" failures="0" tests="1" name="automation.testsuite.TADA_UpdatePass_Test" time="20.336" errors="0" timestamp="2025-03-05T01:20:13 ICT" skipped="0">
  <testcase classname="automation.testsuite.TADA_UpdatePass_Test" name="search" time="20.336"/>
  <system-out/>
</testsuite> <!-- automation.testsuite.TADA_UpdatePass_Test -->
