<?xml version="1.0" encoding="UTF-8"?>
<!-- Generated by org.testng.reporters.JUnitReportReporter -->
<testsuite hostname="Jasons-MacBook-Pro.local" failures="0" tests="1" name="automation.testsuite.Day16_AlertTest" time="11.461" errors="0" timestamp="2025-03-09T15:32:24 ICT" skipped="0">
  <testcase classname="automation.testsuite.Day16_AlertTest" name="pressOkButton" time="11.461"/>
  <system-out/>
</testsuite> <!-- automation.testsuite.Day16_AlertTest -->
