<?xml version="1.0" encoding="UTF-8"?>
<!-- Generated by org.testng.reporters.JUnitReportReporter -->
<testsuite hostname="Jasons-MacBook-Pro.local" failures="0" tests="1" name="automation.testsuite.Day17_PopupTest" time="29.127" errors="0" timestamp="2025-03-09T20:15:15 ICT" skipped="0">
  <testcase classname="automation.testsuite.Day17_PopupTest" name="testPopup" time="29.127"/>
  <system-out/>
</testsuite> <!-- automation.testsuite.Day17_PopupTest -->
