<?xml version="1.0" encoding="UTF-8"?>
<!-- Generated by org.testng.reporters.JUnitReportReporter -->
<testsuite hostname="Jasons-MacBook-Pro.local" failures="0" tests="1" name="automation.testsuite.BTVN_Day16_SELENIUMPRACTISE" time="24.630" errors="0" timestamp="2025-03-09T17:15:08 ICT" skipped="0">
  <testcase classname="automation.testsuite.BTVN_Day16_SELENIUMPRACTISE" name="pressTryIt" time="24.630"/>
  <system-out/>
</testsuite> <!-- automation.testsuite.BTVN_Day16_SELENIUMPRACTISE -->
