<?xml version="1.0" encoding="UTF-8"?>
<!-- Generated by org.testng.reporters.JUnitReportReporter -->
<testsuite hostname="Jasons-MacBook-Pro.local" failures="0" tests="3" name="automation.testsuite.Alada_LoginTest" time="160.828" errors="0" timestamp="2025-02-23T19:27:12 ICT" skipped="0">
  <testcase classname="automation.testsuite.Alada_LoginTest" name="loginFail_IncorrectEmail" time="56.299"/>
  <system-out/>
  <testcase classname="automation.testsuite.Alada_LoginTest" name="loginFail_IncorrectPass" time="52.213"/>
  <system-out/>
  <testcase classname="automation.testsuite.Alada_LoginTest" name="loginSuccessfully" time="52.316"/>
  <system-out/>
</testsuite> <!-- automation.testsuite.Alada_LoginTest -->
