<?xml version="1.0" encoding="UTF-8"?>
<!-- Generated by org.testng.reporters.JUnitReportReporter -->
<testsuite hostname="Jasons-MacBook-Pro.local" failures="0" tests="5" name="automation.testsuite.LoginTest" time="137.316" errors="0" timestamp="2025-01-22T21:25:27 ICT" skipped="0">
  <testcase classname="automation.testsuite.LoginTest" name="locateByName" time="25.934"/>
  <system-out/>
  <testcase classname="automation.testsuite.LoginTest" name="locateByLink" time="27.808"/>
  <system-out/>
  <testcase classname="automation.testsuite.LoginTest" name="locateByTagName" time="26.772"/>
  <system-out/>
  <testcase classname="automation.testsuite.LoginTest" name="locateById" time="27.570"/>
  <system-out/>
  <testcase classname="automation.testsuite.LoginTest" name="locateByClassName" time="29.232"/>
  <system-out/>
</testsuite> <!-- automation.testsuite.LoginTest -->
