<?xml version="1.0" encoding="UTF-8"?>
<!-- Generated by org.testng.reporters.JUnitReportReporter -->
<testsuite hostname="Jasons-MacBook-Pro.local" failures="0" tests="1" name="automation.testsuite.Day12" time="79.756" errors="0" timestamp="2025-03-16T20:17:22 GMT+07:00" skipped="0">
  <testcase classname="automation.testsuite.Day12" name="clickOnCheckBox" time="79.756"/>
  <system-out/>
</testsuite> <!-- automation.testsuite.Day12 -->
