<?xml version="1.0" encoding="UTF-8"?>
<!-- Generated by org.testng.reporters.JUnitReportReporter -->
<testsuite hostname="Jasons-MacBook-Pro.local" failures="0" tests="1" name="automation.testsuite.Day12_Dropdownlist" time="33.372" errors="0" timestamp="2025-02-19T17:39:33 ICT" skipped="0">
  <testcase classname="automation.testsuite.Day12_Dropdownlist" name="chooseAWSOption" time="33.372"/>
  <system-out/>
</testsuite> <!-- automation.testsuite.Day12_Dropdownlist -->
