<?xml version="1.0" encoding="UTF-8"?>
<!-- Generated by org.testng.reporters.JUnitReportReporter -->
<testsuite hostname="Jasons-MacBook-Pro.local" failures="0" tests="1" name="automation.testsuite.BaitapBuoi8" time="12.102" errors="0" timestamp="2025-02-12T09:52:18 ICT" skipped="0">
  <testcase classname="automation.testsuite.BaitapBuoi8" name="locateById" time="12.102"/>
  <system-out/>
</testsuite> <!-- automation.testsuite.BaitapBuoi8 -->
