<?xml version="1.0" encoding="UTF-8"?>
<!-- Generated by org.testng.reporters.JUnitReportReporter -->
<testsuite hostname="Jasons-MacBook-Pro.local" failures="0" tests="1" name="automation.testsuite.Day16_QuanLyKVLV_Test" time="8.918" errors="0" timestamp="2025-03-11T22:35:47 ICT" skipped="0">
  <testcase classname="automation.testsuite.Day16_QuanLyKVLV_Test" name="quanLyKhuVucLamViec" time="8.918"/>
  <system-out/>
</testsuite> <!-- automation.testsuite.Day16_QuanLyKVLV_Test -->
