<?xml version="1.0" encoding="UTF-8"?>
<!-- Generated by org.testng.reporters.JUnitReportReporter -->
<testsuite hostname="Jasons-MacBook-Pro.local" failures="0" tests="1" name="automation.testsuite.Rise_LoginTest" time="53.821" errors="0" timestamp="2025-02-22T14:19:04 ICT" skipped="0">
  <testcase classname="automation.testsuite.Rise_LoginTest" name="loginSuccessfully" time="53.821"/>
  <system-out/>
</testsuite> <!-- automation.testsuite.Rise_LoginTest -->
