<?xml version="1.0" encoding="UTF-8"?>
<!-- Generated by org.testng.reporters.JUnitReportReporter -->
<testsuite hostname="Jasons-MacBook-Pro.local" failures="0" tests="1" name="automation.testsuite.BTVN_Day13" time="16.319" errors="0" timestamp="2025-02-26T14:59:56 ICT" skipped="0">
  <testcase classname="automation.testsuite.BTVN_Day13" name="themNhanVien" time="16.319"/>
  <system-out/>
</testsuite> <!-- automation.testsuite.BTVN_Day13 -->
